# Logfile created on 2014-05-02 13:20:16 +0530 by logger.rb/44203
I, [2014-05-02T13:20:16.688096 #7872]  INFO -- : 0:  rake (10.3.1) from /home/k2l/.rvm/gems/ruby-2.1.0/specifications/rake-10.3.1.gemspec
I, [2014-05-02T13:20:16.688592 #7872]  INFO -- : 0:  i18n (0.6.9) from /home/k2l/.rvm/gems/ruby-2.1.0/specifications/i18n-0.6.9.gemspec
I, [2014-05-02T13:20:16.889770 #7872]  INFO -- : 0:  minitest (4.7.5) from /home/k2l/.rvm/gems/ruby-2.1.0/specifications/minitest-4.7.5.gemspec
I, [2014-05-02T13:20:16.890672 #7872]  INFO -- : 0:  multi_json (1.9.3) from /home/k2l/.rvm/gems/ruby-2.1.0/specifications/multi_json-1.9.3.gemspec
I, [2014-05-02T13:20:16.891325 #7872]  INFO -- : 0:  thread_safe (0.3.3) from /home/k2l/.rvm/gems/ruby-2.1.0/specifications/thread_safe-0.3.3.gemspec
I, [2014-05-02T13:20:16.892314 #7872]  INFO -- : 0:  tzinfo (0.3.39) from /home/k2l/.rvm/gems/ruby-2.1.0/specifications/tzinfo-0.3.39.gemspec
I, [2014-05-02T13:20:16.893468 #7872]  INFO -- : 0:  activesupport (4.0.4) from /home/k2l/.rvm/gems/ruby-2.1.0/specifications/activesupport-4.0.4.gemspec
I, [2014-05-02T13:20:16.894322 #7872]  INFO -- : 0:  builder (3.1.4) from /home/k2l/.rvm/gems/ruby-2.1.0/specifications/builder-3.1.4.gemspec
I, [2014-05-02T13:20:16.895241 #7872]  INFO -- : 0:  erubis (2.7.0) from /home/k2l/.rvm/gems/ruby-2.1.0/specifications/erubis-2.7.0.gemspec
I, [2014-05-02T13:20:16.896267 #7872]  INFO -- : 0:  rack (1.5.2) from /home/k2l/.rvm/gems/ruby-2.1.0/specifications/rack-1.5.2.gemspec
I, [2014-05-02T13:20:16.897172 #7872]  INFO -- : 0:  rack-test (0.6.2) from /home/k2l/.rvm/gems/ruby-2.1.0/specifications/rack-test-0.6.2.gemspec
I, [2014-05-02T13:20:16.898006 #7872]  INFO -- : 0:  actionpack (4.0.4) from /home/k2l/.rvm/gems/ruby-2.1.0/specifications/actionpack-4.0.4.gemspec
I, [2014-05-02T13:20:16.898943 #7872]  INFO -- : 0:  mime-types (1.25.1) from /home/k2l/.rvm/gems/ruby-2.1.0/specifications/mime-types-1.25.1.gemspec
I, [2014-05-02T13:20:16.900049 #7872]  INFO -- : 0:  polyglot (0.3.4) from /home/k2l/.rvm/gems/ruby-2.1.0/specifications/polyglot-0.3.4.gemspec
I, [2014-05-02T13:20:16.900899 #7872]  INFO -- : 0:  treetop (1.4.15) from /home/k2l/.rvm/gems/ruby-2.1.0/specifications/treetop-1.4.15.gemspec
I, [2014-05-02T13:20:16.901817 #7872]  INFO -- : 0:  mail (2.5.4) from /home/k2l/.rvm/gems/ruby-2.1.0/specifications/mail-2.5.4.gemspec
I, [2014-05-02T13:20:16.902763 #7872]  INFO -- : 0:  actionmailer (4.0.4) from /home/k2l/.rvm/gems/ruby-2.1.0/specifications/actionmailer-4.0.4.gemspec
I, [2014-05-02T13:20:16.903609 #7872]  INFO -- : 0:  activemodel (4.0.4) from /home/k2l/.rvm/gems/ruby-2.1.0/specifications/activemodel-4.0.4.gemspec
I, [2014-05-02T13:20:16.904638 #7872]  INFO -- : 0:  activerecord-deprecated_finders (1.0.3) from /home/k2l/.rvm/gems/ruby-2.1.0/specifications/activerecord-deprecated_finders-1.0.3.gemspec
I, [2014-05-02T13:20:16.905598 #7872]  INFO -- : 0:  arel (4.0.2) from /home/k2l/.rvm/gems/ruby-2.1.0/specifications/arel-4.0.2.gemspec
I, [2014-05-02T13:20:16.906437 #7872]  INFO -- : 0:  activerecord (4.0.4) from /home/k2l/.rvm/gems/ruby-2.1.0/specifications/activerecord-4.0.4.gemspec
I, [2014-05-02T13:20:16.907399 #7872]  INFO -- : 0:  addressable (2.3.6) from /home/k2l/.rvm/gems/ruby-2.1.0/specifications/addressable-2.3.6.gemspec
I, [2014-05-02T13:20:16.908589 #7872]  INFO -- : 0:  bson (1.10.0) from /home/k2l/.rvm/gems/ruby-2.1.0/specifications/bson-1.10.0.gemspec
I, [2014-05-02T13:20:16.909522 #7872]  INFO -- : 0:  bson_ext (1.10.0) from /home/k2l/.rvm/gems/ruby-2.1.0/specifications/bson_ext-1.10.0.gemspec
I, [2014-05-02T13:20:16.910470 #7872]  INFO -- : 0:  buftok (0.2.0) from /home/k2l/.rvm/gems/ruby-2.1.0/specifications/buftok-0.2.0.gemspec
I, [2014-05-02T13:20:16.912080 #7872]  INFO -- : 0:  columnize (0.3.6) from /home/k2l/.rvm/gems/ruby-2.1.0/specifications/columnize-0.3.6.gemspec
I, [2014-05-02T13:20:16.913418 #7872]  INFO -- : 0:  debugger-linecache (1.2.0) from /home/k2l/.rvm/gems/ruby-2.1.0/specifications/debugger-linecache-1.2.0.gemspec
I, [2014-05-02T13:20:16.914497 #7872]  INFO -- : 0:  byebug (2.7.0) from /home/k2l/.rvm/gems/ruby-2.1.0/specifications/byebug-2.7.0.gemspec
I, [2014-05-02T13:20:16.915579 #7872]  INFO -- : 0:  coffee-script-source (1.7.0) from /home/k2l/.rvm/gems/ruby-2.1.0/specifications/coffee-script-source-1.7.0.gemspec
I, [2014-05-02T13:20:16.916697 #7872]  INFO -- : 0:  execjs (2.0.2) from /home/k2l/.rvm/gems/ruby-2.1.0/specifications/execjs-2.0.2.gemspec
I, [2014-05-02T13:20:16.917692 #7872]  INFO -- : 0:  coffee-script (2.2.0) from /home/k2l/.rvm/gems/ruby-2.1.0/specifications/coffee-script-2.2.0.gemspec
I, [2014-05-02T13:20:16.918676 #7872]  INFO -- : 0:  thor (0.19.1) from /home/k2l/.rvm/gems/ruby-2.1.0/specifications/thor-0.19.1.gemspec
I, [2014-05-02T13:20:16.919663 #7872]  INFO -- : 0:  railties (4.0.4) from /home/k2l/.rvm/gems/ruby-2.1.0/specifications/railties-4.0.4.gemspec
I, [2014-05-02T13:20:16.920219 #7872]  INFO -- : 0:  coffee-rails (4.0.1) from /home/k2l/.rvm/gems/ruby-2.1.0/specifications/coffee-rails-4.0.1.gemspec
I, [2014-05-02T13:20:16.920595 #7872]  INFO -- : 0:  equalizer (0.0.9) from /home/k2l/.rvm/gems/ruby-2.1.0/specifications/equalizer-0.0.9.gemspec
I, [2014-05-02T13:20:16.921005 #7872]  INFO -- : 0:  multipart-post (2.0.0) from /home/k2l/.rvm/gems/ruby-2.1.0/specifications/multipart-post-2.0.0.gemspec
I, [2014-05-02T13:20:16.921439 #7872]  INFO -- : 0:  faraday (0.9.0) from /home/k2l/.rvm/gems/ruby-2.1.0/specifications/faraday-0.9.0.gemspec
I, [2014-05-02T13:20:16.921806 #7872]  INFO -- : 0:  hike (1.2.3) from /home/k2l/.rvm/gems/ruby-2.1.0/specifications/hike-1.2.3.gemspec
I, [2014-05-02T13:20:16.922228 #7872]  INFO -- : 0:  http_parser.rb (0.6.0) from /home/k2l/.rvm/gems/ruby-2.1.0/specifications/http_parser.rb-0.6.0.gemspec
I, [2014-05-02T13:20:16.922644 #7872]  INFO -- : 0:  http (0.5.0) from /home/k2l/.rvm/gems/ruby-2.1.0/specifications/http-0.5.0.gemspec
I, [2014-05-02T13:20:16.923014 #7872]  INFO -- : 0:  jbuilder (1.5.3) from /home/k2l/.rvm/gems/ruby-2.1.0/specifications/jbuilder-1.5.3.gemspec
I, [2014-05-02T13:20:16.923419 #7872]  INFO -- : 0:  jquery-rails (3.1.0) from /home/k2l/.rvm/gems/ruby-2.1.0/specifications/jquery-rails-3.1.0.gemspec
I, [2014-05-02T13:20:18.295258 #7872]  INFO -- : 0:  json (1.8.1) from /home/k2l/.rvm/gems/ruby-2.1.0/specifications/json-1.8.1.gemspec
I, [2014-05-02T13:20:18.296096 #7872]  INFO -- : 0:  memoizable (0.4.2) from /home/k2l/.rvm/gems/ruby-2.1.0/specifications/memoizable-0.4.2.gemspec
I, [2014-05-02T13:20:18.296846 #7872]  INFO -- : 0:  mongo (1.10.0) from /home/k2l/.rvm/gems/ruby-2.1.0/specifications/mongo-1.10.0.gemspec
I, [2014-05-02T13:20:18.297447 #7872]  INFO -- : 0:  plucky (0.6.6) from /home/k2l/.rvm/gems/ruby-2.1.0/specifications/plucky-0.6.6.gemspec
I, [2014-05-02T13:20:18.487244 #7872]  INFO -- : 0:  mongo_mapper (0.13.0.beta2) from /home/k2l/.rvm/gems/ruby-2.1.0/bundler/gems/mongomapper-9b87dee50780/mongo_mapper.gemspec
I, [2014-05-02T13:20:18.487801 #7872]  INFO -- : 0:  naught (1.0.0) from /home/k2l/.rvm/gems/ruby-2.1.0/specifications/naught-1.0.0.gemspec
I, [2014-05-02T13:20:18.488184 #7872]  INFO -- : 0:  bundler (1.5.0) from /home/k2l/.rvm/gems/ruby-2.1.0@global/specifications/bundler-1.5.0.gemspec
I, [2014-05-02T13:20:18.488579 #7872]  INFO -- : 0:  tilt (1.4.1) from /home/k2l/.rvm/gems/ruby-2.1.0/specifications/tilt-1.4.1.gemspec
I, [2014-05-02T13:20:18.488948 #7872]  INFO -- : 0:  sprockets (2.11.0) from /home/k2l/.rvm/gems/ruby-2.1.0/specifications/sprockets-2.11.0.gemspec
I, [2014-05-02T13:20:18.489347 #7872]  INFO -- : 0:  sprockets-rails (2.0.1) from /home/k2l/.rvm/gems/ruby-2.1.0/specifications/sprockets-rails-2.0.1.gemspec
I, [2014-05-02T13:20:18.489740 #7872]  INFO -- : 0:  rails (4.0.4) from /home/k2l/.rvm/gems/ruby-2.1.0/specifications/rails-4.0.4.gemspec
I, [2014-05-02T13:20:18.490158 #7872]  INFO -- : 0:  rdoc (4.1.1) from /home/k2l/.rvm/gems/ruby-2.1.0/specifications/rdoc-4.1.1.gemspec
I, [2014-05-02T13:20:18.490510 #7872]  INFO -- : 0:  sass (3.2.19) from /home/k2l/.rvm/gems/ruby-2.1.0/specifications/sass-3.2.19.gemspec
I, [2014-05-02T13:20:18.490922 #7872]  INFO -- : 0:  sass-rails (4.0.3) from /home/k2l/.rvm/gems/ruby-2.1.0/specifications/sass-rails-4.0.3.gemspec
I, [2014-05-02T13:20:18.491286 #7872]  INFO -- : 0:  sdoc (0.4.0) from /home/k2l/.rvm/gems/ruby-2.1.0/specifications/sdoc-0.4.0.gemspec
I, [2014-05-02T13:20:18.491682 #7872]  INFO -- : 0:  simple_oauth (0.2.0) from /home/k2l/.rvm/gems/ruby-2.1.0/specifications/simple_oauth-0.2.0.gemspec
I, [2014-05-02T13:20:18.492135 #7872]  INFO -- : 0:  turbolinks (2.2.2) from /home/k2l/.rvm/gems/ruby-2.1.0/specifications/turbolinks-2.2.2.gemspec
I, [2014-05-02T13:20:18.492542 #7872]  INFO -- : 0:  twitter (5.8.0) from /home/k2l/.rvm/gems/ruby-2.1.0/specifications/twitter-5.8.0.gemspec
I, [2014-05-02T13:20:18.492897 #7872]  INFO -- : 0:  uglifier (2.5.0) from /home/k2l/.rvm/gems/ruby-2.1.0/specifications/uglifier-2.5.0.gemspec
I, [2014-05-02T13:20:42.900292 #7939]  INFO -- : 0:  rake (10.3.1) from /home/k2l/.rvm/gems/ruby-2.1.0/specifications/rake-10.3.1.gemspec
I, [2014-05-02T13:20:42.900861 #7939]  INFO -- : 0:  i18n (0.6.9) from /home/k2l/.rvm/gems/ruby-2.1.0/specifications/i18n-0.6.9.gemspec
I, [2014-05-02T13:20:43.106797 #7939]  INFO -- : 0:  minitest (4.7.5) from /home/k2l/.rvm/gems/ruby-2.1.0/specifications/minitest-4.7.5.gemspec
I, [2014-05-02T13:20:43.108142 #7939]  INFO -- : 0:  multi_json (1.9.3) from /home/k2l/.rvm/gems/ruby-2.1.0/specifications/multi_json-1.9.3.gemspec
I, [2014-05-02T13:20:43.109260 #7939]  INFO -- : 0:  thread_safe (0.3.3) from /home/k2l/.rvm/gems/ruby-2.1.0/specifications/thread_safe-0.3.3.gemspec
I, [2014-05-02T13:20:43.110242 #7939]  INFO -- : 0:  tzinfo (0.3.39) from /home/k2l/.rvm/gems/ruby-2.1.0/specifications/tzinfo-0.3.39.gemspec
I, [2014-05-02T13:20:43.111221 #7939]  INFO -- : 0:  activesupport (4.0.4) from /home/k2l/.rvm/gems/ruby-2.1.0/specifications/activesupport-4.0.4.gemspec
I, [2014-05-02T13:20:43.112249 #7939]  INFO -- : 0:  builder (3.1.4) from /home/k2l/.rvm/gems/ruby-2.1.0/specifications/builder-3.1.4.gemspec
I, [2014-05-02T13:20:43.113166 #7939]  INFO -- : 0:  erubis (2.7.0) from /home/k2l/.rvm/gems/ruby-2.1.0/specifications/erubis-2.7.0.gemspec
I, [2014-05-02T13:20:43.114141 #7939]  INFO -- : 0:  rack (1.5.2) from /home/k2l/.rvm/gems/ruby-2.1.0/specifications/rack-1.5.2.gemspec
I, [2014-05-02T13:20:43.115109 #7939]  INFO -- : 0:  rack-test (0.6.2) from /home/k2l/.rvm/gems/ruby-2.1.0/specifications/rack-test-0.6.2.gemspec
I, [2014-05-02T13:20:43.115987 #7939]  INFO -- : 0:  actionpack (4.0.4) from /home/k2l/.rvm/gems/ruby-2.1.0/specifications/actionpack-4.0.4.gemspec
I, [2014-05-02T13:20:43.116364 #7939]  INFO -- : 0:  mime-types (1.25.1) from /home/k2l/.rvm/gems/ruby-2.1.0/specifications/mime-types-1.25.1.gemspec
I, [2014-05-02T13:20:43.116749 #7939]  INFO -- : 0:  polyglot (0.3.4) from /home/k2l/.rvm/gems/ruby-2.1.0/specifications/polyglot-0.3.4.gemspec
I, [2014-05-02T13:20:43.117302 #7939]  INFO -- : 0:  treetop (1.4.15) from /home/k2l/.rvm/gems/ruby-2.1.0/specifications/treetop-1.4.15.gemspec
I, [2014-05-02T13:20:43.117834 #7939]  INFO -- : 0:  mail (2.5.4) from /home/k2l/.rvm/gems/ruby-2.1.0/specifications/mail-2.5.4.gemspec
I, [2014-05-02T13:20:43.118366 #7939]  INFO -- : 0:  actionmailer (4.0.4) from /home/k2l/.rvm/gems/ruby-2.1.0/specifications/actionmailer-4.0.4.gemspec
I, [2014-05-02T13:20:43.118759 #7939]  INFO -- : 0:  activemodel (4.0.4) from /home/k2l/.rvm/gems/ruby-2.1.0/specifications/activemodel-4.0.4.gemspec
I, [2014-05-02T13:20:43.119133 #7939]  INFO -- : 0:  activerecord-deprecated_finders (1.0.3) from /home/k2l/.rvm/gems/ruby-2.1.0/specifications/activerecord-deprecated_finders-1.0.3.gemspec
I, [2014-05-02T13:20:43.119549 #7939]  INFO -- : 0:  arel (4.0.2) from /home/k2l/.rvm/gems/ruby-2.1.0/specifications/arel-4.0.2.gemspec
I, [2014-05-02T13:20:43.119944 #7939]  INFO -- : 0:  activerecord (4.0.4) from /home/k2l/.rvm/gems/ruby-2.1.0/specifications/activerecord-4.0.4.gemspec
I, [2014-05-02T13:20:43.120382 #7939]  INFO -- : 0:  addressable (2.3.6) from /home/k2l/.rvm/gems/ruby-2.1.0/specifications/addressable-2.3.6.gemspec
I, [2014-05-02T13:20:43.120761 #7939]  INFO -- : 0:  bson (1.10.0) from /home/k2l/.rvm/gems/ruby-2.1.0/specifications/bson-1.10.0.gemspec
I, [2014-05-02T13:20:43.121153 #7939]  INFO -- : 0:  bson_ext (1.10.0) from /home/k2l/.rvm/gems/ruby-2.1.0/specifications/bson_ext-1.10.0.gemspec
I, [2014-05-02T13:20:43.121545 #7939]  INFO -- : 0:  buftok (0.2.0) from /home/k2l/.rvm/gems/ruby-2.1.0/specifications/buftok-0.2.0.gemspec
I, [2014-05-02T13:20:43.121911 #7939]  INFO -- : 0:  bundler (1.5.0) from /home/k2l/.rvm/gems/ruby-2.1.0@global/specifications/bundler-1.5.0.gemspec
I, [2014-05-02T13:20:43.122297 #7939]  INFO -- : 0:  columnize (0.3.6) from /home/k2l/.rvm/gems/ruby-2.1.0/specifications/columnize-0.3.6.gemspec
I, [2014-05-02T13:20:43.122669 #7939]  INFO -- : 0:  debugger-linecache (1.2.0) from /home/k2l/.rvm/gems/ruby-2.1.0/specifications/debugger-linecache-1.2.0.gemspec
I, [2014-05-02T13:20:43.123040 #7939]  INFO -- : 0:  byebug (2.7.0) from /home/k2l/.rvm/gems/ruby-2.1.0/specifications/byebug-2.7.0.gemspec
I, [2014-05-02T13:20:43.123439 #7939]  INFO -- : 0:  coffee-script-source (1.7.0) from /home/k2l/.rvm/gems/ruby-2.1.0/specifications/coffee-script-source-1.7.0.gemspec
I, [2014-05-02T13:20:43.123818 #7939]  INFO -- : 0:  execjs (2.0.2) from /home/k2l/.rvm/gems/ruby-2.1.0/specifications/execjs-2.0.2.gemspec
I, [2014-05-02T13:20:43.124217 #7939]  INFO -- : 0:  coffee-script (2.2.0) from /home/k2l/.rvm/gems/ruby-2.1.0/specifications/coffee-script-2.2.0.gemspec
I, [2014-05-02T13:20:43.124597 #7939]  INFO -- : 0:  thor (0.19.1) from /home/k2l/.rvm/gems/ruby-2.1.0/specifications/thor-0.19.1.gemspec
I, [2014-05-02T13:20:43.124997 #7939]  INFO -- : 0:  railties (4.0.4) from /home/k2l/.rvm/gems/ruby-2.1.0/specifications/railties-4.0.4.gemspec
I, [2014-05-02T13:20:43.125384 #7939]  INFO -- : 0:  coffee-rails (4.0.1) from /home/k2l/.rvm/gems/ruby-2.1.0/specifications/coffee-rails-4.0.1.gemspec
I, [2014-05-02T13:20:43.125822 #7939]  INFO -- : 0:  equalizer (0.0.9) from /home/k2l/.rvm/gems/ruby-2.1.0/specifications/equalizer-0.0.9.gemspec
I, [2014-05-02T13:20:43.126223 #7939]  INFO -- : 0:  multipart-post (2.0.0) from /home/k2l/.rvm/gems/ruby-2.1.0/specifications/multipart-post-2.0.0.gemspec
I, [2014-05-02T13:20:43.126598 #7939]  INFO -- : 0:  faraday (0.9.0) from /home/k2l/.rvm/gems/ruby-2.1.0/specifications/faraday-0.9.0.gemspec
I, [2014-05-02T13:20:43.126989 #7939]  INFO -- : 0:  hike (1.2.3) from /home/k2l/.rvm/gems/ruby-2.1.0/specifications/hike-1.2.3.gemspec
I, [2014-05-02T13:20:43.127362 #7939]  INFO -- : 0:  http_parser.rb (0.6.0) from /home/k2l/.rvm/gems/ruby-2.1.0/specifications/http_parser.rb-0.6.0.gemspec
I, [2014-05-02T13:20:43.127728 #7939]  INFO -- : 0:  http (0.5.0) from /home/k2l/.rvm/gems/ruby-2.1.0/specifications/http-0.5.0.gemspec
I, [2014-05-02T13:20:43.128192 #7939]  INFO -- : 0:  jbuilder (1.5.3) from /home/k2l/.rvm/gems/ruby-2.1.0/specifications/jbuilder-1.5.3.gemspec
I, [2014-05-02T13:20:43.128571 #7939]  INFO -- : 0:  jquery-rails (3.1.0) from /home/k2l/.rvm/gems/ruby-2.1.0/specifications/jquery-rails-3.1.0.gemspec
I, [2014-05-02T13:20:44.625602 #7939]  INFO -- : 0:  json (1.8.1) from /home/k2l/.rvm/gems/ruby-2.1.0/specifications/json-1.8.1.gemspec
I, [2014-05-02T13:20:44.626614 #7939]  INFO -- : 0:  libv8 (3.16.14.3) from /home/k2l/.rvm/gems/ruby-2.1.0/specifications/libv8-3.16.14.3.gemspec
I, [2014-05-02T13:20:44.627317 #7939]  INFO -- : 0:  memoizable (0.4.2) from /home/k2l/.rvm/gems/ruby-2.1.0/specifications/memoizable-0.4.2.gemspec
I, [2014-05-02T13:20:44.628529 #7939]  INFO -- : 0:  mongo (1.10.0) from /home/k2l/.rvm/gems/ruby-2.1.0/specifications/mongo-1.10.0.gemspec
I, [2014-05-02T13:20:44.629462 #7939]  INFO -- : 0:  plucky (0.6.6) from /home/k2l/.rvm/gems/ruby-2.1.0/specifications/plucky-0.6.6.gemspec
I, [2014-05-02T13:20:44.824361 #7939]  INFO -- : 0:  mongo_mapper (0.13.0.beta2) from /home/k2l/.rvm/gems/ruby-2.1.0/bundler/gems/mongomapper-9b87dee50780/mongo_mapper.gemspec
I, [2014-05-02T13:20:44.824863 #7939]  INFO -- : 0:  naught (1.0.0) from /home/k2l/.rvm/gems/ruby-2.1.0/specifications/naught-1.0.0.gemspec
I, [2014-05-02T13:20:44.825238 #7939]  INFO -- : 0:  tilt (1.4.1) from /home/k2l/.rvm/gems/ruby-2.1.0/specifications/tilt-1.4.1.gemspec
I, [2014-05-02T13:20:44.825742 #7939]  INFO -- : 0:  sprockets (2.11.0) from /home/k2l/.rvm/gems/ruby-2.1.0/specifications/sprockets-2.11.0.gemspec
I, [2014-05-02T13:20:44.826119 #7939]  INFO -- : 0:  sprockets-rails (2.0.1) from /home/k2l/.rvm/gems/ruby-2.1.0/specifications/sprockets-rails-2.0.1.gemspec
I, [2014-05-02T13:20:44.826612 #7939]  INFO -- : 0:  rails (4.0.4) from /home/k2l/.rvm/gems/ruby-2.1.0/specifications/rails-4.0.4.gemspec
I, [2014-05-02T13:20:44.826992 #7939]  INFO -- : 0:  rdoc (4.1.1) from /home/k2l/.rvm/gems/ruby-2.1.0/specifications/rdoc-4.1.1.gemspec
I, [2014-05-02T13:20:44.827463 #7939]  INFO -- : 0:  ref (1.0.5) from /home/k2l/.rvm/gems/ruby-2.1.0/specifications/ref-1.0.5.gemspec
I, [2014-05-02T13:20:44.827907 #7939]  INFO -- : 0:  sass (3.2.19) from /home/k2l/.rvm/gems/ruby-2.1.0/specifications/sass-3.2.19.gemspec
I, [2014-05-02T13:20:44.828423 #7939]  INFO -- : 0:  sass-rails (4.0.3) from /home/k2l/.rvm/gems/ruby-2.1.0/specifications/sass-rails-4.0.3.gemspec
I, [2014-05-02T13:20:44.828807 #7939]  INFO -- : 0:  sdoc (0.4.0) from /home/k2l/.rvm/gems/ruby-2.1.0/specifications/sdoc-0.4.0.gemspec
I, [2014-05-02T13:20:44.829280 #7939]  INFO -- : 0:  simple_oauth (0.2.0) from /home/k2l/.rvm/gems/ruby-2.1.0/specifications/simple_oauth-0.2.0.gemspec
I, [2014-05-02T13:20:44.829651 #7939]  INFO -- : 0:  therubyracer (0.12.1) from /home/k2l/.rvm/gems/ruby-2.1.0/specifications/therubyracer-0.12.1.gemspec
I, [2014-05-02T13:20:44.830034 #7939]  INFO -- : 0:  turbolinks (2.2.2) from /home/k2l/.rvm/gems/ruby-2.1.0/specifications/turbolinks-2.2.2.gemspec
I, [2014-05-02T13:20:44.830484 #7939]  INFO -- : 0:  twitter (5.8.0) from /home/k2l/.rvm/gems/ruby-2.1.0/specifications/twitter-5.8.0.gemspec
I, [2014-05-02T13:20:44.830864 #7939]  INFO -- : 0:  uglifier (2.5.0) from /home/k2l/.rvm/gems/ruby-2.1.0/specifications/uglifier-2.5.0.gemspec
